app/build/intermediates/manifest_merge_blame_file/debug/manifest-merger-blame-debug-report.txt
1<?xml version="1.0" encoding="utf-8"?>
2<manifest xmlns:android="http://schemas.android.com/apk/res/android"
3    package="com.example.appdevelopmenttrialtwo"
4    android:versionCode="1"
5    android:versionName="1.0" >
6
7    <uses-sdk
8        android:minSdkVersion="19"
8-->src/main/AndroidManifest.xml
9        android:targetSdkVersion="33" />
9-->src/main/AndroidManifest.xml
10
11    <uses-permission android:name="android.permission.INTERNET" />
11-->[com.google.firebase:firebase-auth:21.3.0] AndroidManifest.xml:25:5-67
11-->[com.google.firebase:firebase-auth:21.3.0] AndroidManifest.xml:25:22-64
12    <uses-permission android:name="android.permission.ACCESS_NETWORK_STATE" />
12-->[com.google.firebase:firebase-auth:21.3.0] AndroidManifest.xml:26:5-79
12-->[com.google.firebase:firebase-auth:21.3.0] AndroidManifest.xml:26:22-76
13
14    <permission
14-->[androidx.core:core:1.9.0] AndroidManifest.xml:22:5-24:47
15        android:name="com.example.appdevelopmenttrialtwo.DYNAMIC_RECEIVER_NOT_EXPORTED_PERMISSION"
15-->[androidx.core:core:1.9.0] AndroidManifest.xml:23:9-81
16        android:protectionLevel="signature" />
16-->[androidx.core:core:1.9.0] AndroidManifest.xml:24:9-44
17
18    <uses-permission android:name="com.example.appdevelopmenttrialtwo.DYNAMIC_RECEIVER_NOT_EXPORTED_PERMISSION" />
18-->[androidx.core:core:1.9.0] AndroidManifest.xml:26:5-97
18-->[androidx.core:core:1.9.0] AndroidManifest.xml:26:22-94
19
20    <application
20-->src/main/AndroidManifest.xml:5:5-55:19
21        android:allowBackup="true"
21-->src/main/AndroidManifest.xml:6:9-35
22        android:appComponentFactory="androidx.core.app.CoreComponentFactory"
22-->[androidx.core:core:1.9.0] AndroidManifest.xml:28:18-86
23        android:dataExtractionRules="@xml/data_extraction_rules"
23-->src/main/AndroidManifest.xml:7:9-65
24        android:debuggable="true"
25        android:fullBackupContent="@xml/backup_rules"
25-->src/main/AndroidManifest.xml:8:9-54
26        android:icon="@mipmap/applogo"
26-->src/main/AndroidManifest.xml:9:9-39
27        android:label="@string/app_name"
27-->src/main/AndroidManifest.xml:10:9-41
28        android:launchMode="singleTop"
28-->src/main/AndroidManifest.xml:11:9-39
29        android:roundIcon="@mipmap/applogo"
29-->src/main/AndroidManifest.xml:12:9-44
30        android:supportsRtl="true"
30-->src/main/AndroidManifest.xml:13:9-35
31        android:testOnly="true"
32        android:theme="@style/Theme.AppDevelopmentTrialTwo" >
32-->src/main/AndroidManifest.xml:14:9-60
33        <activity
33-->src/main/AndroidManifest.xml:16:9-18:40
34            android:name="com.example.appdevelopmenttrialtwo.CallOutListViewActivity"
34-->src/main/AndroidManifest.xml:17:13-52
35            android:exported="false" />
35-->src/main/AndroidManifest.xml:18:13-37
36        <activity
36-->src/main/AndroidManifest.xml:19:9-21:40
37            android:name="com.example.appdevelopmenttrialtwo.TeacherUpdateActivity"
37-->src/main/AndroidManifest.xml:20:13-50
38            android:exported="false" />
38-->src/main/AndroidManifest.xml:21:13-37
39        <activity
39-->src/main/AndroidManifest.xml:22:9-24:40
40            android:name="com.example.appdevelopmenttrialtwo.StudentUpdateActivity"
40-->src/main/AndroidManifest.xml:23:13-50
41            android:exported="false" />
41-->src/main/AndroidManifest.xml:24:13-37
42        <activity
42-->src/main/AndroidManifest.xml:25:9-27:40
43            android:name="com.example.appdevelopmenttrialtwo.StudentActivity"
43-->src/main/AndroidManifest.xml:26:13-44
44            android:exported="false" />
44-->src/main/AndroidManifest.xml:27:13-37
45        <activity
45-->src/main/AndroidManifest.xml:28:9-30:40
46            android:name="com.example.appdevelopmenttrialtwo.TeacherActivity"
46-->src/main/AndroidManifest.xml:29:13-44
47            android:exported="false" />
47-->src/main/AndroidManifest.xml:30:13-37
48        <activity
48-->src/main/AndroidManifest.xml:31:9-33:40
49            android:name="com.example.appdevelopmenttrialtwo.CallOutStudentActivity"
49-->src/main/AndroidManifest.xml:32:13-51
50            android:exported="false" />
50-->src/main/AndroidManifest.xml:33:13-37
51        <activity
51-->src/main/AndroidManifest.xml:34:9-36:40
52            android:name="com.example.appdevelopmenttrialtwo.TrRegistrationActivity"
52-->src/main/AndroidManifest.xml:35:13-51
53            android:exported="false" />
53-->src/main/AndroidManifest.xml:36:13-37
54        <activity
54-->src/main/AndroidManifest.xml:37:9-45:20
55            android:name="com.example.appdevelopmenttrialtwo.SignInActivity"
55-->src/main/AndroidManifest.xml:38:13-43
56            android:exported="true" >
56-->src/main/AndroidManifest.xml:39:13-36
57            <intent-filter>
57-->src/main/AndroidManifest.xml:40:13-44:29
58                <action android:name="android.intent.action.MAIN" />
58-->src/main/AndroidManifest.xml:41:17-69
58-->src/main/AndroidManifest.xml:41:25-66
59
60                <category android:name="android.intent.category.LAUNCHER" />
60-->src/main/AndroidManifest.xml:43:17-77
60-->src/main/AndroidManifest.xml:43:27-74
61            </intent-filter>
62        </activity>
63        <activity
63-->src/main/AndroidManifest.xml:46:9-48:40
64            android:name="com.example.appdevelopmenttrialtwo.SignUpActivity"
64-->src/main/AndroidManifest.xml:47:13-43
65            android:exported="false" />
65-->src/main/AndroidManifest.xml:48:13-37
66        <activity
66-->src/main/AndroidManifest.xml:49:9-51:40
67            android:name="com.example.appdevelopmenttrialtwo.RegisterStudentActivity"
67-->src/main/AndroidManifest.xml:50:13-52
68            android:exported="false" />
68-->src/main/AndroidManifest.xml:51:13-37
69        <activity
69-->src/main/AndroidManifest.xml:52:9-54:39
70            android:name="com.example.appdevelopmenttrialtwo.MainActivity"
70-->src/main/AndroidManifest.xml:53:13-41
71            android:exported="true" />
71-->src/main/AndroidManifest.xml:54:13-36
72
73        <service
73-->[com.google.firebase:firebase-auth-ktx:21.3.0] AndroidManifest.xml:8:9-14:19
74            android:name="com.google.firebase.components.ComponentDiscoveryService"
74-->[com.google.firebase:firebase-auth-ktx:21.3.0] AndroidManifest.xml:9:13-84
75            android:directBootAware="true"
75-->[com.google.firebase:firebase-common:20.2.0] AndroidManifest.xml:34:13-43
76            android:exported="false" >
76-->[com.google.firebase:firebase-auth-ktx:21.3.0] AndroidManifest.xml:10:13-37
77            <meta-data
77-->[com.google.firebase:firebase-auth-ktx:21.3.0] AndroidManifest.xml:11:13-13:85
78                android:name="com.google.firebase.components:com.google.firebase.auth.ktx.FirebaseAuthKtxRegistrar"
78-->[com.google.firebase:firebase-auth-ktx:21.3.0] AndroidManifest.xml:12:17-116
79                android:value="com.google.firebase.components.ComponentRegistrar" />
79-->[com.google.firebase:firebase-auth-ktx:21.3.0] AndroidManifest.xml:13:17-82
80            <meta-data
80-->[com.google.firebase:firebase-database-ktx:20.0.4] AndroidManifest.xml:15:13-17:85
81                android:name="com.google.firebase.components:com.google.firebase.database.ktx.FirebaseDatabaseKtxRegistrar"
81-->[com.google.firebase:firebase-database-ktx:20.0.4] AndroidManifest.xml:16:17-124
82                android:value="com.google.firebase.components.ComponentRegistrar" />
82-->[com.google.firebase:firebase-database-ktx:20.0.4] AndroidManifest.xml:17:17-82
83            <meta-data
83-->[com.google.firebase:firebase-common-ktx:20.2.0] AndroidManifest.xml:14:13-16:85
84                android:name="com.google.firebase.components:com.google.firebase.ktx.FirebaseCommonKtxRegistrar"
84-->[com.google.firebase:firebase-common-ktx:20.2.0] AndroidManifest.xml:15:17-113
85                android:value="com.google.firebase.components.ComponentRegistrar" />
85-->[com.google.firebase:firebase-common-ktx:20.2.0] AndroidManifest.xml:16:17-82
86            <meta-data
86-->[com.google.firebase:firebase-auth:21.3.0] AndroidManifest.xml:69:13-71:85
87                android:name="com.google.firebase.components:com.google.firebase.auth.FirebaseAuthRegistrar"
87-->[com.google.firebase:firebase-auth:21.3.0] AndroidManifest.xml:70:17-109
88                android:value="com.google.firebase.components.ComponentRegistrar" />
88-->[com.google.firebase:firebase-auth:21.3.0] AndroidManifest.xml:71:17-82
89            <meta-data
89-->[com.google.firebase:firebase-database:20.0.4] AndroidManifest.xml:32:13-34:85
90                android:name="com.google.firebase.components:com.google.firebase.database.DatabaseRegistrar"
90-->[com.google.firebase:firebase-database:20.0.4] AndroidManifest.xml:33:17-109
91                android:value="com.google.firebase.components.ComponentRegistrar" />
91-->[com.google.firebase:firebase-database:20.0.4] AndroidManifest.xml:34:17-82
92        </service>
93
94        <activity
94-->[com.google.firebase:firebase-auth:21.3.0] AndroidManifest.xml:29:9-46:20
95            android:name="com.google.firebase.auth.internal.GenericIdpActivity"
95-->[com.google.firebase:firebase-auth:21.3.0] AndroidManifest.xml:30:13-80
96            android:excludeFromRecents="true"
96-->[com.google.firebase:firebase-auth:21.3.0] AndroidManifest.xml:31:13-46
97            android:exported="true"
97-->[com.google.firebase:firebase-auth:21.3.0] AndroidManifest.xml:32:13-36
98            android:launchMode="singleTask"
98-->[com.google.firebase:firebase-auth:21.3.0] AndroidManifest.xml:33:13-44
99            android:theme="@android:style/Theme.Translucent.NoTitleBar" >
99-->[com.google.firebase:firebase-auth:21.3.0] AndroidManifest.xml:34:13-72
100            <intent-filter>
100-->[com.google.firebase:firebase-auth:21.3.0] AndroidManifest.xml:35:13-45:29
101                <action android:name="android.intent.action.VIEW" />
101-->[com.google.firebase:firebase-auth:21.3.0] AndroidManifest.xml:36:17-69
101-->[com.google.firebase:firebase-auth:21.3.0] AndroidManifest.xml:36:25-66
102
103                <category android:name="android.intent.category.DEFAULT" />
103-->[com.google.firebase:firebase-auth:21.3.0] AndroidManifest.xml:38:17-76
103-->[com.google.firebase:firebase-auth:21.3.0] AndroidManifest.xml:38:27-73
104                <category android:name="android.intent.category.BROWSABLE" />
104-->[com.google.firebase:firebase-auth:21.3.0] AndroidManifest.xml:39:17-78
104-->[com.google.firebase:firebase-auth:21.3.0] AndroidManifest.xml:39:27-75
105
106                <data
106-->[com.google.firebase:firebase-auth:21.3.0] AndroidManifest.xml:41:17-44:51
107                    android:host="firebase.auth"
107-->[com.google.firebase:firebase-auth:21.3.0] AndroidManifest.xml:42:21-49
108                    android:path="/"
108-->[com.google.firebase:firebase-auth:21.3.0] AndroidManifest.xml:43:21-37
109                    android:scheme="genericidp" />
109-->[com.google.firebase:firebase-auth:21.3.0] AndroidManifest.xml:44:21-48
110            </intent-filter>
111        </activity>
112        <activity
112-->[com.google.firebase:firebase-auth:21.3.0] AndroidManifest.xml:47:9-64:20
113            android:name="com.google.firebase.auth.internal.RecaptchaActivity"
113-->[com.google.firebase:firebase-auth:21.3.0] AndroidManifest.xml:48:13-79
114            android:excludeFromRecents="true"
114-->[com.google.firebase:firebase-auth:21.3.0] AndroidManifest.xml:49:13-46
115            android:exported="true"
115-->[com.google.firebase:firebase-auth:21.3.0] AndroidManifest.xml:50:13-36
116            android:launchMode="singleTask"
116-->[com.google.firebase:firebase-auth:21.3.0] AndroidManifest.xml:51:13-44
117            android:theme="@android:style/Theme.Translucent.NoTitleBar" >
117-->[com.google.firebase:firebase-auth:21.3.0] AndroidManifest.xml:52:13-72
118            <intent-filter>
118-->[com.google.firebase:firebase-auth:21.3.0] AndroidManifest.xml:53:13-63:29
119                <action android:name="android.intent.action.VIEW" />
119-->[com.google.firebase:firebase-auth:21.3.0] AndroidManifest.xml:36:17-69
119-->[com.google.firebase:firebase-auth:21.3.0] AndroidManifest.xml:36:25-66
120
121                <category android:name="android.intent.category.DEFAULT" />
121-->[com.google.firebase:firebase-auth:21.3.0] AndroidManifest.xml:38:17-76
121-->[com.google.firebase:firebase-auth:21.3.0] AndroidManifest.xml:38:27-73
122                <category android:name="android.intent.category.BROWSABLE" />
122-->[com.google.firebase:firebase-auth:21.3.0] AndroidManifest.xml:39:17-78
122-->[com.google.firebase:firebase-auth:21.3.0] AndroidManifest.xml:39:27-75
123
124                <data
124-->[com.google.firebase:firebase-auth:21.3.0] AndroidManifest.xml:41:17-44:51
125                    android:host="firebase.auth"
125-->[com.google.firebase:firebase-auth:21.3.0] AndroidManifest.xml:42:21-49
126                    android:path="/"
126-->[com.google.firebase:firebase-auth:21.3.0] AndroidManifest.xml:43:21-37
127                    android:scheme="recaptcha" />
127-->[com.google.firebase:firebase-auth:21.3.0] AndroidManifest.xml:44:21-48
128            </intent-filter>
129        </activity>
130
131        <provider
131-->[com.google.firebase:firebase-common:20.2.0] AndroidManifest.xml:25:9-30:39
132            android:name="com.google.firebase.provider.FirebaseInitProvider"
132-->[com.google.firebase:firebase-common:20.2.0] AndroidManifest.xml:26:13-77
133            android:authorities="com.example.appdevelopmenttrialtwo.firebaseinitprovider"
133-->[com.google.firebase:firebase-common:20.2.0] AndroidManifest.xml:27:13-72
134            android:directBootAware="true"
134-->[com.google.firebase:firebase-common:20.2.0] AndroidManifest.xml:28:13-43
135            android:exported="false"
135-->[com.google.firebase:firebase-common:20.2.0] AndroidManifest.xml:29:13-37
136            android:initOrder="100" />
136-->[com.google.firebase:firebase-common:20.2.0] AndroidManifest.xml:30:13-36
137
138        <activity
138-->[com.google.android.gms:play-services-base:18.0.1] AndroidManifest.xml:20:9-22:45
139            android:name="com.google.android.gms.common.api.GoogleApiActivity"
139-->[com.google.android.gms:play-services-base:18.0.1] AndroidManifest.xml:20:19-85
140            android:exported="false"
140-->[com.google.android.gms:play-services-base:18.0.1] AndroidManifest.xml:22:19-43
141            android:theme="@android:style/Theme.Translucent.NoTitleBar" />
141-->[com.google.android.gms:play-services-base:18.0.1] AndroidManifest.xml:21:19-78
142
143        <meta-data
143-->[com.google.android.gms:play-services-basement:18.1.0] AndroidManifest.xml:21:9-23:69
144            android:name="com.google.android.gms.version"
144-->[com.google.android.gms:play-services-basement:18.1.0] AndroidManifest.xml:22:13-58
145            android:value="@integer/google_play_services_version" />
145-->[com.google.android.gms:play-services-basement:18.1.0] AndroidManifest.xml:23:13-66
146
147        <provider
147-->[androidx.emoji2:emoji2:1.2.0] AndroidManifest.xml:24:9-32:20
148            android:name="androidx.startup.InitializationProvider"
148-->[androidx.emoji2:emoji2:1.2.0] AndroidManifest.xml:25:13-67
149            android:authorities="com.example.appdevelopmenttrialtwo.androidx-startup"
149-->[androidx.emoji2:emoji2:1.2.0] AndroidManifest.xml:26:13-68
150            android:exported="false" >
150-->[androidx.emoji2:emoji2:1.2.0] AndroidManifest.xml:27:13-37
151            <meta-data
151-->[androidx.emoji2:emoji2:1.2.0] AndroidManifest.xml:29:13-31:52
152                android:name="androidx.emoji2.text.EmojiCompatInitializer"
152-->[androidx.emoji2:emoji2:1.2.0] AndroidManifest.xml:30:17-75
153                android:value="androidx.startup" />
153-->[androidx.emoji2:emoji2:1.2.0] AndroidManifest.xml:31:17-49
154            <meta-data
154-->[androidx.lifecycle:lifecycle-process:2.4.1] AndroidManifest.xml:31:13-33:52
155                android:name="androidx.lifecycle.ProcessLifecycleInitializer"
155-->[androidx.lifecycle:lifecycle-process:2.4.1] AndroidManifest.xml:32:17-78
156                android:value="androidx.startup" />
156-->[androidx.lifecycle:lifecycle-process:2.4.1] AndroidManifest.xml:33:17-49
157        </provider>
158    </application>
159
160</manifest>